TN:
SF:index.js
FN:1,Object.<anonymous>
FNF:1
FNH:1
FNDA:3,Object.<anonymous>
DA:1,3
DA:2,3
DA:3,3
DA:4,3
DA:5,3
DA:6,3
DA:7,3
DA:8,3
DA:9,3
DA:10,3
DA:11,3
DA:12,3
DA:13,3
DA:14,3
DA:15,3
DA:16,3
DA:17,3
DA:18,3
DA:19,3
DA:20,3
DA:21,1
DA:22,1
DA:23,1
DA:24,1
DA:25,1
DA:26,1
DA:27,1
DA:28,1
DA:29,1
DA:30,3
DA:31,3
DA:32,3
DA:33,0
DA:34,0
DA:35,0
DA:36,0
DA:37,0
DA:38,0
DA:39,0
DA:40,0
DA:41,3
DA:42,3
DA:43,3
DA:44,3
DA:45,2
DA:46,3
DA:47,3
DA:48,3
DA:49,3
LF:49
LH:41
BRDA:1,0,0,3
BRDA:1,1,0,3
BRDA:3,2,0,1
BRDA:20,3,0,1
BRDA:21,4,0,0
BRDA:22,5,0,0
BRDA:44,6,0,2
BRF:7
BRH:5
end_of_record
TN:
SF:config\dbConfig.js
FN:1,Object.<anonymous>
FNF:1
FNH:1
FNDA:3,Object.<anonymous>
DA:1,3
DA:2,3
DA:3,3
DA:4,3
DA:5,3
DA:6,3
DA:7,3
DA:8,3
DA:9,3
DA:10,3
DA:11,3
DA:12,3
DA:13,0
DA:14,3
DA:15,3
DA:16,3
LF:16
LH:15
BRDA:1,0,0,3
BRDA:1,1,0,3
BRDA:10,2,0,3
BRF:3
BRH:3
end_of_record
TN:
SF:controllers\authController.js
FN:1,Object.<anonymous>
FN:9,Object.<anonymous>.exports.registerUser
FN:37,Object.<anonymous>.exports.loginUser
FN:69,Object.<anonymous>.exports.logoutUser
FNF:4
FNH:3
FNDA:3,Object.<anonymous>
FNDA:1,Object.<anonymous>.exports.registerUser
FNDA:2,Object.<anonymous>.exports.loginUser
FNDA:0,Object.<anonymous>.exports.logoutUser
DA:1,3
DA:2,3
DA:3,3
DA:4,3
DA:5,3
DA:6,3
DA:7,3
DA:8,3
DA:9,3
DA:10,1
DA:11,1
DA:12,1
DA:13,1
DA:14,0
DA:15,0
DA:16,0
DA:17,1
DA:18,1
DA:19,1
DA:20,1
DA:21,1
DA:22,0
DA:23,0
DA:24,0
DA:25,0
DA:26,0
DA:27,0
DA:28,0
DA:29,0
DA:30,0
DA:31,0
DA:32,0
DA:33,0
DA:34,0
DA:35,3
DA:36,3
DA:37,3
DA:38,2
DA:39,2
DA:40,2
DA:41,2
DA:42,0
DA:43,0
DA:44,2
DA:45,2
DA:46,0
DA:47,0
DA:48,2
DA:49,2
DA:50,0
DA:51,0
DA:52,2
DA:53,2
DA:54,2
DA:55,2
DA:56,2
DA:57,2
DA:58,2
DA:59,2
DA:60,2
DA:61,2
DA:62,2
DA:63,2
DA:64,2
DA:65,0
DA:66,0
DA:67,3
DA:68,3
DA:69,3
DA:70,0
DA:71,0
DA:72,0
DA:73,0
DA:74,0
DA:75,0
DA:76,0
DA:77,0
DA:78,0
DA:79,3
LF:79
LH:46
BRDA:1,0,0,3
BRDA:1,1,0,3
BRDA:9,2,0,1
BRDA:13,3,0,0
BRDA:22,4,0,0
BRDA:37,5,0,2
BRDA:41,6,0,0
BRDA:45,7,0,0
BRDA:49,8,0,0
BRDA:64,9,0,0
BRF:10
BRH:4
end_of_record
TN:
SF:controllers\taskController.js
FN:1,Object.<anonymous>
FN:6,Object.<anonymous>.exports.getAllTasks
FN:35,Object.<anonymous>.exports.createTask
FN:61,Object.<anonymous>.exports.updateTask
FN:103,Object.<anonymous>.exports.deleteTask
FN:126,Object.<anonymous>.exports.toggleTaskCompletion
FN:150,Object.<anonymous>.exports.fetchAllTaskList
FN:192,Object.<anonymous>.exports.getAllUserTasks
FN:227,Object.<anonymous>.exports.assignTaskToUser
FNF:9
FNH:7
FNDA:3,Object.<anonymous>
FNDA:1,Object.<anonymous>.exports.getAllTasks
FNDA:1,Object.<anonymous>.exports.createTask
FNDA:1,Object.<anonymous>.exports.updateTask
FNDA:0,Object.<anonymous>.exports.deleteTask
FNDA:0,Object.<anonymous>.exports.toggleTaskCompletion
FNDA:1,Object.<anonymous>.exports.fetchAllTaskList
FNDA:1,Object.<anonymous>.exports.getAllUserTasks
FNDA:1,Object.<anonymous>.exports.assignTaskToUser
DA:1,3
DA:2,3
DA:3,3
DA:4,3
DA:5,3
DA:6,3
DA:7,1
DA:8,1
DA:9,1
DA:10,1
DA:11,1
DA:12,1
DA:13,1
DA:14,1
DA:15,1
DA:16,1
DA:17,1
DA:18,1
DA:19,1
DA:20,0
DA:21,0
DA:22,0
DA:23,0
DA:24,0
DA:25,1
DA:26,1
DA:27,1
DA:28,1
DA:29,1
DA:30,1
DA:31,0
DA:32,0
DA:33,3
DA:34,3
DA:35,3
DA:36,1
DA:37,1
DA:38,1
DA:39,1
DA:40,0
DA:41,0
DA:42,1
DA:43,1
DA:44,0
DA:45,0
DA:46,1
DA:47,1
DA:48,1
DA:49,0
DA:50,0
DA:51,1
DA:52,1
DA:53,1
DA:54,1
DA:55,1
DA:56,1
DA:57,0
DA:58,0
DA:59,3
DA:60,3
DA:61,3
DA:62,1
DA:63,1
DA:64,1
DA:65,1
DA:66,1
DA:67,1
DA:68,0
DA:69,0
DA:70,1
DA:71,1
DA:72,1
DA:73,0
DA:74,0
DA:75,1
DA:76,1
DA:77,1
DA:78,1
DA:79,1
DA:80,1
DA:81,1
DA:82,1
DA:83,1
DA:84,1
DA:85,1
DA:86,0
DA:87,0
DA:88,1
DA:89,1
DA:90,1
DA:91,1
DA:92,1
DA:93,1
DA:94,1
DA:95,1
DA:96,1
DA:97,0
DA:98,0
DA:99,3
DA:100,3
DA:101,3
DA:102,3
DA:103,3
DA:104,0
DA:105,0
DA:106,0
DA:107,0
DA:108,0
DA:109,0
DA:110,0
DA:111,0
DA:112,0
DA:113,0
DA:114,0
DA:115,0
DA:116,0
DA:117,0
DA:118,0
DA:119,0
DA:120,0
DA:121,0
DA:122,0
DA:123,0
DA:124,3
DA:125,3
DA:126,3
DA:127,0
DA:128,0
DA:129,0
DA:130,0
DA:131,0
DA:132,0
DA:133,0
DA:134,0
DA:135,0
DA:136,0
DA:137,0
DA:138,0
DA:139,0
DA:140,0
DA:141,0
DA:142,0
DA:143,0
DA:144,0
DA:145,0
DA:146,0
DA:147,3
DA:148,3
DA:149,3
DA:150,3
DA:151,1
DA:152,1
DA:153,1
DA:154,1
DA:155,1
DA:156,1
DA:157,1
DA:158,1
DA:159,1
DA:160,1
DA:161,1
DA:162,1
DA:163,1
DA:164,1
DA:165,1
DA:166,1
DA:167,1
DA:168,1
DA:169,0
DA:170,0
DA:171,1
DA:172,1
DA:173,1
DA:174,1
DA:175,1
DA:176,1
DA:177,1
DA:178,1
DA:179,1
DA:180,1
DA:181,1
DA:182,1
DA:183,1
DA:184,1
DA:185,1
DA:186,1
DA:187,0
DA:188,0
DA:189,1
DA:190,3
DA:191,3
DA:192,3
DA:193,1
DA:194,1
DA:195,1
DA:196,1
DA:197,1
DA:198,1
DA:199,1
DA:200,1
DA:201,1
DA:202,1
DA:203,1
DA:204,0
DA:205,0
DA:206,1
DA:207,1
DA:208,0
DA:209,0
DA:210,1
DA:211,1
DA:212,0
DA:213,0
DA:214,1
DA:215,1
DA:216,1
DA:217,1
DA:218,1
DA:219,1
DA:220,0
DA:221,0
DA:222,1
DA:223,3
DA:224,3
DA:225,3
DA:226,3
DA:227,3
DA:228,1
DA:229,1
DA:230,1
DA:231,1
DA:232,0
DA:233,0
DA:234,0
DA:235,1
DA:236,1
DA:237,0
DA:238,0
DA:239,1
DA:240,1
DA:241,0
DA:242,0
DA:243,1
DA:244,1
DA:245,1
DA:246,0
DA:247,0
DA:248,1
DA:249,1
DA:250,1
DA:251,1
DA:252,1
DA:253,1
DA:254,0
DA:255,0
DA:256,3
LF:256
LH:170
BRDA:1,0,0,3
BRDA:1,1,0,3
BRDA:6,2,0,1
BRDA:19,3,0,0
BRDA:30,4,0,0
BRDA:35,5,0,1
BRDA:39,6,0,0
BRDA:43,7,0,0
BRDA:48,8,0,0
BRDA:56,9,0,0
BRDA:61,10,0,1
BRDA:67,11,0,0
BRDA:72,12,0,0
BRDA:85,13,0,0
BRDA:96,14,0,0
BRDA:150,15,0,1
BRDA:168,16,0,0
BRDA:175,17,0,0
BRDA:176,18,0,0
BRDA:186,19,0,0
BRDA:192,20,0,1
BRDA:203,21,0,0
BRDA:207,22,0,0
BRDA:211,23,0,0
BRDA:219,24,0,0
BRDA:227,25,0,1
BRDA:231,26,0,0
BRDA:236,27,0,0
BRDA:240,28,0,0
BRDA:245,29,0,0
BRDA:253,30,0,0
BRF:31
BRH:8
end_of_record
TN:
SF:controllers\userController.js
FN:1,Object.<anonymous>
FN:6,Object.<anonymous>.exports.getAllUsers
FN:66,Object.<anonymous>.exports.getUserById
FNF:3
FNH:3
FNDA:3,Object.<anonymous>
FNDA:1,Object.<anonymous>.exports.getAllUsers
FNDA:1,Object.<anonymous>.exports.getUserById
DA:1,3
DA:2,3
DA:3,3
DA:4,3
DA:5,3
DA:6,3
DA:7,1
DA:8,1
DA:9,1
DA:10,1
DA:11,1
DA:12,1
DA:13,1
DA:14,1
DA:15,1
DA:16,1
DA:17,1
DA:18,1
DA:19,1
DA:20,1
DA:21,1
DA:22,1
DA:23,1
DA:24,1
DA:25,1
DA:26,1
DA:27,1
DA:28,1
DA:29,1
DA:30,10
DA:31,10
DA:32,1
DA:33,0
DA:34,0
DA:35,1
DA:36,10
DA:37,10
DA:38,10
DA:39,10
DA:40,10
DA:41,10
DA:42,10
DA:43,10
DA:44,1
DA:45,1
DA:46,1
DA:47,1
DA:48,1
DA:49,1
DA:50,1
DA:51,1
DA:52,1
DA:53,1
DA:54,1
DA:55,1
DA:56,1
DA:57,1
DA:58,1
DA:59,1
DA:60,1
DA:61,1
DA:62,0
DA:63,0
DA:64,3
DA:65,3
DA:66,3
DA:67,1
DA:68,1
DA:69,1
DA:70,0
DA:71,0
DA:72,1
DA:73,1
DA:74,0
DA:75,0
DA:76,1
DA:77,1
DA:78,1
DA:79,1
DA:80,1
DA:81,1
DA:82,1
DA:83,1
DA:84,1
DA:85,1
DA:86,1
DA:87,1
DA:88,1
DA:89,1
DA:90,0
DA:91,0
DA:92,1
LF:92
LH:82
BRDA:1,0,0,3
BRDA:1,1,0,3
BRDA:6,2,0,1
BRDA:29,3,0,10
BRDA:32,4,0,0
BRDA:49,5,0,0
BRDA:50,6,0,0
BRDA:61,7,0,0
BRDA:35,8,0,10
BRDA:66,9,0,1
BRDA:69,10,0,0
BRDA:73,11,0,0
BRDA:89,12,0,0
BRDA:81,13,0,1
BRDA:82,14,0,1
BRF:15
BRH:8
end_of_record
TN:
SF:models\TaskModel.js
FN:1,Object.<anonymous>
FNF:1
FNH:1
FNDA:3,Object.<anonymous>
DA:1,3
DA:2,3
DA:3,3
DA:4,3
DA:5,3
DA:6,3
DA:7,3
DA:8,3
DA:9,3
DA:10,3
DA:11,3
DA:12,3
DA:13,3
DA:14,3
DA:15,3
DA:16,3
DA:17,3
DA:18,3
DA:19,3
DA:20,3
DA:21,3
DA:22,3
DA:23,3
DA:24,3
DA:25,3
DA:26,3
DA:27,3
DA:28,3
DA:29,3
DA:30,3
DA:31,3
DA:32,3
DA:33,3
DA:34,3
DA:35,3
DA:36,3
DA:37,3
DA:38,3
DA:39,3
DA:40,3
DA:41,3
DA:42,3
LF:42
LH:42
BRDA:1,0,0,3
BRDA:1,1,0,3
BRF:2
BRH:2
end_of_record
TN:
SF:models\UserModel.js
FN:1,Object.<anonymous>
FN:6,validPassword
FN:46,beforeCreate
FN:54,validateUser
FN:78,loginValidate
FNF:5
FNH:3
FNDA:3,Object.<anonymous>
FNDA:0,validPassword
FNDA:0,beforeCreate
FNDA:1,validateUser
FNDA:2,loginValidate
DA:1,3
DA:2,3
DA:3,3
DA:4,3
DA:5,3
DA:6,3
DA:7,0
DA:8,0
DA:9,3
DA:10,3
DA:11,3
DA:12,3
DA:13,3
DA:14,3
DA:15,3
DA:16,3
DA:17,3
DA:18,3
DA:19,3
DA:20,3
DA:21,3
DA:22,3
DA:23,3
DA:24,3
DA:25,3
DA:26,3
DA:27,3
DA:28,3
DA:29,3
DA:30,3
DA:31,3
DA:32,3
DA:33,3
DA:34,3
DA:35,3
DA:36,3
DA:37,3
DA:38,3
DA:39,3
DA:40,3
DA:41,3
DA:42,3
DA:43,3
DA:44,3
DA:45,3
DA:46,3
DA:47,0
DA:48,0
DA:49,3
DA:50,3
DA:51,3
DA:52,3
DA:53,3
DA:54,3
DA:55,1
DA:56,1
DA:57,1
DA:58,1
DA:59,1
DA:60,1
DA:61,1
DA:62,1
DA:63,1
DA:64,1
DA:65,1
DA:66,0
DA:67,1
DA:68,1
DA:69,0
DA:70,0
DA:71,0
DA:72,0
DA:73,0
DA:74,0
DA:75,1
DA:76,3
DA:77,3
DA:78,3
DA:79,2
DA:80,2
DA:81,2
DA:82,2
DA:83,2
DA:84,2
DA:85,2
DA:86,0
DA:87,2
DA:88,2
DA:89,0
DA:90,0
DA:91,0
DA:92,0
DA:93,0
DA:94,0
DA:95,2
DA:96,2
DA:97,3
LF:97
LH:79
BRDA:1,0,0,3
BRDA:1,1,0,3
BRDA:54,2,0,1
BRDA:68,3,0,0
BRDA:78,4,0,2
BRDA:88,5,0,0
BRF:6
BRH:4
end_of_record
TN:
SF:routes\authRoutes.js
FN:1,Object.<anonymous>
FNF:1
FNH:1
FNDA:3,Object.<anonymous>
DA:1,3
DA:2,3
DA:3,3
DA:4,3
DA:5,3
DA:6,3
DA:7,3
DA:8,3
DA:9,3
LF:9
LH:9
BRDA:1,0,0,3
BRDA:1,1,0,3
BRF:2
BRH:2
end_of_record
TN:
SF:routes\taskRoutes.js
FN:1,Object.<anonymous>
FNF:1
FNH:1
FNDA:3,Object.<anonymous>
DA:1,3
DA:2,3
DA:3,3
DA:4,3
DA:5,3
DA:6,3
DA:7,3
DA:8,3
DA:9,3
DA:10,3
DA:11,3
DA:12,3
DA:13,3
DA:14,3
DA:15,3
DA:16,3
DA:17,3
LF:17
LH:17
BRDA:1,0,0,3
BRDA:1,1,0,3
BRF:2
BRH:2
end_of_record
TN:
SF:routes\userRoutes.js
FN:1,Object.<anonymous>
FNF:1
FNH:1
FNDA:3,Object.<anonymous>
DA:1,3
DA:2,3
DA:3,3
DA:4,3
DA:5,3
DA:6,3
DA:7,3
DA:8,3
LF:8
LH:8
BRDA:1,0,0,3
BRDA:1,1,0,3
BRF:2
BRH:2
end_of_record
TN:
SF:utils\ErrorHandler.js
FN:1,Object.<anonymous>
FN:4,ErrorHandler
FNF:2
FNH:2
FNDA:3,Object.<anonymous>
FNDA:1,ErrorHandler
DA:1,3
DA:2,3
DA:3,3
DA:4,3
DA:5,1
DA:6,1
DA:7,1
DA:8,1
DA:9,1
DA:10,3
DA:11,3
DA:12,3
DA:13,3
LF:13
LH:13
BRDA:1,0,0,3
BRDA:1,1,0,3
BRDA:4,2,0,1
BRF:3
BRH:3
end_of_record
TN:
SF:utils\generateToken.js
FN:1,Object.<anonymous>
FN:3,Object.<anonymous>.exports.generateToken
FNF:2
FNH:2
FNDA:3,Object.<anonymous>
FNDA:2,Object.<anonymous>.exports.generateToken
DA:1,3
DA:2,3
DA:3,3
DA:4,2
DA:5,2
DA:6,2
DA:7,2
LF:7
LH:7
BRDA:1,0,0,3
BRDA:1,1,0,3
BRDA:3,2,0,2
BRF:3
BRH:3
end_of_record
TN:
SF:utils\sendResponse.js
FN:1,Object.<anonymous>
FN:1,sendResponse
FNF:2
FNH:2
FNDA:3,Object.<anonymous>
FNDA:10,sendResponse
DA:1,3
DA:2,10
DA:3,10
DA:4,10
DA:5,10
DA:6,10
DA:7,10
DA:8,10
DA:9,10
DA:10,3
DA:11,3
DA:12,3
LF:12
LH:12
BRDA:1,0,0,3
BRDA:1,1,0,3
BRDA:1,2,0,10
BRDA:2,3,0,4
BRDA:2,4,0,6
BRF:5
BRH:5
end_of_record
